{"/Users/sushi/dev/amazon-purchases/static/js/main.js": {"path":"/Users/sushi/dev/amazon-purchases/static/js/main.js","statementMap":{"0":{"start":{"line":5,"column":12},"end":{"line":10,"column":2}},"1":{"start":{"line":12,"column":17},"end":{"line":12,"column":22}},"2":{"start":{"line":14,"column":0},"end":{"line":46,"column":5}},"3":{"start":{"line":17,"column":17},"end":{"line":17,"column":34}},"4":{"start":{"line":18,"column":4},"end":{"line":18,"column":22}},"5":{"start":{"line":18,"column":15},"end":{"line":18,"column":22}},"6":{"start":{"line":20,"column":21},"end":{"line":20,"column":35}},"7":{"start":{"line":21,"column":4},"end":{"line":21,"column":34}},"8":{"start":{"line":23,"column":4},"end":{"line":23,"column":74}},"9":{"start":{"line":25,"column":4},"end":{"line":45,"column":5}},"10":{"start":{"line":26,"column":23},"end":{"line":29,"column":8}},"11":{"start":{"line":31,"column":19},"end":{"line":31,"column":40}},"12":{"start":{"line":33,"column":6},"end":{"line":42,"column":7}},"13":{"start":{"line":34,"column":8},"end":{"line":34,"column":26}},"14":{"start":{"line":35,"column":8},"end":{"line":35,"column":73}},"15":{"start":{"line":36,"column":8},"end":{"line":37,"column":80}},"16":{"start":{"line":38,"column":8},"end":{"line":38,"column":70}},"17":{"start":{"line":39,"column":8},"end":{"line":39,"column":65}},"18":{"start":{"line":41,"column":8},"end":{"line":41,"column":55}},"19":{"start":{"line":44,"column":6},"end":{"line":44,"column":79}},"20":{"start":{"line":49,"column":2},"end":{"line":52,"column":3}},"21":{"start":{"line":50,"column":4},"end":{"line":50,"column":45}},"22":{"start":{"line":51,"column":4},"end":{"line":51,"column":11}},"23":{"start":{"line":54,"column":15},"end":{"line":54,"column":52}},"24":{"start":{"line":55,"column":17},"end":{"line":55,"column":56}},"25":{"start":{"line":56,"column":21},"end":{"line":56,"column":64}},"26":{"start":{"line":57,"column":20},"end":{"line":57,"column":62}},"27":{"start":{"line":58,"column":22},"end":{"line":60,"column":9}},"28":{"start":{"line":62,"column":2},"end":{"line":62,"column":61}},"29":{"start":{"line":63,"column":2},"end":{"line":63,"column":64}},"30":{"start":{"line":64,"column":2},"end":{"line":64,"column":62}},"31":{"start":{"line":66,"column":2},"end":{"line":82,"column":3}},"32":{"start":{"line":67,"column":21},"end":{"line":69,"column":5}},"33":{"start":{"line":71,"column":17},"end":{"line":71,"column":38}},"34":{"start":{"line":72,"column":4},"end":{"line":72,"column":66}},"35":{"start":{"line":74,"column":4},"end":{"line":74,"column":50}},"36":{"start":{"line":74,"column":22},"end":{"line":74,"column":50}},"37":{"start":{"line":76,"column":4},"end":{"line":76,"column":25}},"38":{"start":{"line":78,"column":4},"end":{"line":78,"column":66}},"39":{"start":{"line":79,"column":21},"end":{"line":79,"column":53}},"40":{"start":{"line":80,"column":4},"end":{"line":80,"column":41}},"41":{"start":{"line":81,"column":4},"end":{"line":81,"column":37}},"42":{"start":{"line":86,"column":0},"end":{"line":86,"column":41}},"43":{"start":{"line":89,"column":21},"end":{"line":89,"column":55}},"44":{"start":{"line":92,"column":23},"end":{"line":100,"column":3}},"45":{"start":{"line":103,"column":2},"end":{"line":103,"column":71}},"46":{"start":{"line":104,"column":2},"end":{"line":104,"column":37}}},"fnMap":{"0":{"name":"(anonymous_0)","decl":{"start":{"line":16,"column":30},"end":{"line":16,"column":31}},"loc":{"start":{"line":16,"column":43},"end":{"line":46,"column":3}},"line":16},"1":{"name":"searchPurchases","decl":{"start":{"line":48,"column":15},"end":{"line":48,"column":30}},"loc":{"start":{"line":48,"column":33},"end":{"line":83,"column":1}},"line":48},"2":{"name":"displayResults","decl":{"start":{"line":88,"column":9},"end":{"line":88,"column":23}},"loc":{"start":{"line":88,"column":30},"end":{"line":105,"column":1}},"line":88}},"branchMap":{"0":{"loc":{"start":{"line":18,"column":4},"end":{"line":18,"column":22}},"type":"if","locations":[{"start":{"line":18,"column":4},"end":{"line":18,"column":22}},{"start":{},"end":{}}],"line":18},"1":{"loc":{"start":{"line":33,"column":6},"end":{"line":42,"column":7}},"type":"if","locations":[{"start":{"line":33,"column":6},"end":{"line":42,"column":7}},{"start":{"line":40,"column":13},"end":{"line":42,"column":7}}],"line":33},"2":{"loc":{"start":{"line":41,"column":24},"end":{"line":41,"column":53}},"type":"binary-expr","locations":[{"start":{"line":41,"column":24},"end":{"line":41,"column":34}},{"start":{"line":41,"column":38},"end":{"line":41,"column":53}}],"line":41},"3":{"loc":{"start":{"line":49,"column":2},"end":{"line":52,"column":3}},"type":"if","locations":[{"start":{"line":49,"column":2},"end":{"line":52,"column":3}},{"start":{},"end":{}}],"line":49},"4":{"loc":{"start":{"line":74,"column":4},"end":{"line":74,"column":50}},"type":"if","locations":[{"start":{"line":74,"column":4},"end":{"line":74,"column":50}},{"start":{},"end":{}}],"line":74}},"s":{"0":0,"1":0,"2":0,"3":0,"4":0,"5":0,"6":0,"7":0,"8":0,"9":0,"10":0,"11":0,"12":0,"13":0,"14":0,"15":0,"16":0,"17":0,"18":0,"19":0,"20":0,"21":0,"22":0,"23":0,"24":0,"25":0,"26":0,"27":0,"28":0,"29":0,"30":0,"31":0,"32":0,"33":0,"34":0,"35":0,"36":0,"37":0,"38":0,"39":0,"40":0,"41":0,"42":0,"43":0,"44":0,"45":0,"46":0},"f":{"0":0,"1":0,"2":0},"b":{"0":[0,0],"1":[0,0],"2":[0,0],"3":[0,0],"4":[0,0]},"inputSourceMap":null}
,"/Users/sushi/dev/amazon-purchases/static/js/utils/helpers.js": {"path":"/Users/sushi/dev/amazon-purchases/static/js/utils/helpers.js","statementMap":{"0":{"start":{"line":11,"column":2},"end":{"line":11,"column":65}},"1":{"start":{"line":20,"column":2},"end":{"line":20,"column":48}},"2":{"start":{"line":20,"column":30},"end":{"line":20,"column":48}},"3":{"start":{"line":21,"column":2},"end":{"line":21,"column":75}},"4":{"start":{"line":21,"column":28},"end":{"line":21,"column":75}},"5":{"start":{"line":22,"column":2},"end":{"line":22,"column":38}},"6":{"start":{"line":31,"column":2},"end":{"line":31,"column":59}},"7":{"start":{"line":40,"column":2},"end":{"line":40,"column":77}},"8":{"start":{"line":49,"column":2},"end":{"line":53,"column":4}},"9":{"start":{"line":63,"column":19},"end":{"line":66,"column":3}},"10":{"start":{"line":69,"column":2},"end":{"line":69,"column":91}},"11":{"start":{"line":72,"column":2},"end":{"line":74,"column":3}},"12":{"start":{"line":73,"column":4},"end":{"line":73,"column":63}},"13":{"start":{"line":77,"column":2},"end":{"line":80,"column":3}},"14":{"start":{"line":78,"column":4},"end":{"line":78,"column":70}},"15":{"start":{"line":79,"column":4},"end":{"line":79,"column":70}},"16":{"start":{"line":83,"column":2},"end":{"line":85,"column":3}},"17":{"start":{"line":84,"column":4},"end":{"line":84,"column":49}},"18":{"start":{"line":87,"column":2},"end":{"line":87,"column":18}}},"fnMap":{"0":{"name":"formatAmount","decl":{"start":{"line":10,"column":16},"end":{"line":10,"column":28}},"loc":{"start":{"line":10,"column":37},"end":{"line":12,"column":1}},"line":10},"1":{"name":"formatDaysText","decl":{"start":{"line":19,"column":16},"end":{"line":19,"column":30}},"loc":{"start":{"line":19,"column":49},"end":{"line":23,"column":1}},"line":19},"2":{"name":"addProbabilityClass","decl":{"start":{"line":30,"column":16},"end":{"line":30,"column":35}},"loc":{"start":{"line":30,"column":55},"end":{"line":32,"column":1}},"line":30},"3":{"name":"addProbabilityBadge","decl":{"start":{"line":39,"column":16},"end":{"line":39,"column":35}},"loc":{"start":{"line":39,"column":55},"end":{"line":41,"column":1}},"line":39},"4":{"name":"enrichItem","decl":{"start":{"line":48,"column":16},"end":{"line":48,"column":26}},"loc":{"start":{"line":48,"column":33},"end":{"line":54,"column":1}},"line":48},"5":{"name":"enrichMatch","decl":{"start":{"line":62,"column":16},"end":{"line":62,"column":27}},"loc":{"start":{"line":62,"column":42},"end":{"line":88,"column":1}},"line":62}},"branchMap":{"0":{"loc":{"start":{"line":11,"column":9},"end":{"line":11,"column":64}},"type":"cond-expr","locations":[{"start":{"line":11,"column":38},"end":{"line":11,"column":55}},{"start":{"line":11,"column":58},"end":{"line":11,"column":64}}],"line":11},"1":{"loc":{"start":{"line":20,"column":2},"end":{"line":20,"column":48}},"type":"if","locations":[{"start":{"line":20,"column":2},"end":{"line":20,"column":48}},{"start":{},"end":{}}],"line":20},"2":{"loc":{"start":{"line":21,"column":2},"end":{"line":21,"column":75}},"type":"if","locations":[{"start":{"line":21,"column":2},"end":{"line":21,"column":75}},{"start":{},"end":{}}],"line":21},"3":{"loc":{"start":{"line":31,"column":9},"end":{"line":31,"column":58}},"type":"cond-expr","locations":[{"start":{"line":31,"column":35},"end":{"line":31,"column":53}},{"start":{"line":31,"column":56},"end":{"line":31,"column":58}}],"line":31},"4":{"loc":{"start":{"line":40,"column":9},"end":{"line":40,"column":76}},"type":"cond-expr","locations":[{"start":{"line":40,"column":35},"end":{"line":40,"column":53}},{"start":{"line":40,"column":56},"end":{"line":40,"column":76}}],"line":40},"5":{"loc":{"start":{"line":52,"column":14},"end":{"line":52,"column":96}},"type":"cond-expr","locations":[{"start":{"line":52,"column":52},"end":{"line":52,"column":89}},{"start":{"line":52,"column":92},"end":{"line":52,"column":96}}],"line":52},"6":{"loc":{"start":{"line":69,"column":40},"end":{"line":69,"column":89}},"type":"binary-expr","locations":[{"start":{"line":69,"column":40},"end":{"line":69,"column":51}},{"start":{"line":69,"column":55},"end":{"line":69,"column":73}},{"start":{"line":69,"column":77},"end":{"line":69,"column":89}}],"line":69},"7":{"loc":{"start":{"line":72,"column":2},"end":{"line":74,"column":3}},"type":"if","locations":[{"start":{"line":72,"column":2},"end":{"line":74,"column":3}},{"start":{},"end":{}}],"line":72},"8":{"loc":{"start":{"line":77,"column":2},"end":{"line":80,"column":3}},"type":"if","locations":[{"start":{"line":77,"column":2},"end":{"line":80,"column":3}},{"start":{},"end":{}}],"line":77},"9":{"loc":{"start":{"line":83,"column":2},"end":{"line":85,"column":3}},"type":"if","locations":[{"start":{"line":83,"column":2},"end":{"line":85,"column":3}},{"start":{},"end":{}}],"line":83}},"s":{"0":29,"1":15,"2":2,"3":13,"4":8,"5":5,"6":11,"7":11,"8":8,"9":10,"10":10,"11":10,"12":2,"13":10,"14":3,"15":3,"16":10,"17":2,"18":10},"f":{"0":29,"1":15,"2":11,"3":11,"4":8,"5":10},"b":{"0":[26,3],"1":[2,13],"2":[8,5],"3":[6,5],"4":[6,5],"5":[4,4],"6":[10,2,1],"7":[2,8],"8":[3,7],"9":[2,8]},"inputSourceMap":null,"_coverageSchema":"1a1c01bbd47fc00a2c39e90264f33305004495a9","hash":"f45377bbb47b4758d8f71d704970eccb658c7f64"}
}
