TN:
SF:static/js/main.js
FN:16,(anonymous_0)
FN:48,searchPurchases
FN:88,displayResults
FNF:3
FNH:0
FNDA:0,(anonymous_0)
FNDA:0,searchPurchases
FNDA:0,displayResults
DA:5,0
DA:12,0
DA:14,0
DA:17,0
DA:18,0
DA:20,0
DA:21,0
DA:23,0
DA:25,0
DA:26,0
DA:31,0
DA:33,0
DA:34,0
DA:35,0
DA:36,0
DA:38,0
DA:39,0
DA:41,0
DA:44,0
DA:49,0
DA:50,0
DA:51,0
DA:54,0
DA:55,0
DA:56,0
DA:57,0
DA:58,0
DA:62,0
DA:63,0
DA:64,0
DA:66,0
DA:67,0
DA:71,0
DA:72,0
DA:74,0
DA:76,0
DA:78,0
DA:79,0
DA:80,0
DA:81,0
DA:86,0
DA:89,0
DA:92,0
DA:103,0
DA:104,0
LF:45
LH:0
BRDA:18,0,0,0
BRDA:18,0,1,0
BRDA:33,1,0,0
BRDA:33,1,1,0
BRDA:41,2,0,0
BRDA:41,2,1,0
BRDA:49,3,0,0
BRDA:49,3,1,0
BRDA:74,4,0,0
BRDA:74,4,1,0
BRF:10
BRH:0
end_of_record
TN:
SF:static/js/utils/helpers.js
FN:10,formatAmount
FN:19,formatDaysText
FN:30,addProbabilityClass
FN:39,addProbabilityBadge
FN:48,enrichItem
FN:62,enrichMatch
FNF:6
FNH:6
FNDA:29,formatAmount
FNDA:15,formatDaysText
FNDA:11,addProbabilityClass
FNDA:11,addProbabilityBadge
FNDA:8,enrichItem
FNDA:10,enrichMatch
DA:11,29
DA:20,15
DA:21,13
DA:22,5
DA:31,11
DA:40,11
DA:49,8
DA:63,10
DA:69,10
DA:72,10
DA:73,2
DA:77,10
DA:78,3
DA:79,3
DA:83,10
DA:84,2
DA:87,10
LF:17
LH:17
BRDA:11,0,0,26
BRDA:11,0,1,3
BRDA:20,1,0,2
BRDA:20,1,1,13
BRDA:21,2,0,8
BRDA:21,2,1,5
BRDA:31,3,0,6
BRDA:31,3,1,5
BRDA:40,4,0,6
BRDA:40,4,1,5
BRDA:52,5,0,4
BRDA:52,5,1,4
BRDA:69,6,0,10
BRDA:69,6,1,2
BRDA:69,6,2,1
BRDA:72,7,0,2
BRDA:72,7,1,8
BRDA:77,8,0,3
BRDA:77,8,1,7
BRDA:83,9,0,2
BRDA:83,9,1,8
BRF:21
BRH:21
end_of_record
